<?xml version="1.0" encoding="UTF-8"?>
<testsuite xmlns:xsi="http://www.w3.org/2001/XMLSchema-instance" xsi:noNamespaceSchemaLocation="https://maven.apache.org/surefire/maven-surefire-plugin/xsd/surefire-test-report-3.0.xsd" version="3.0" name="com.taskcanvas.TestHomePage" time="0.156" tests="1" errors="0" skipped="0" failures="0">
  <properties>
[...]
</properties>
  <testcase name="homepageRendersSuccessfully" classname="com.taskcanvas.TestHomePage" time="0.136">
    <system-err><![CDATA[[main] INFO org.apache.wicket.Application - [WicketTesterApplication-b7493bc3-6ee5-4fe1-8bea-bcbec8598464] init: Wicket core library initializer
]]></system-err>
  </testcase>
</testsuite>